0 info it worked if it ends with ok
1 verbose cli [ 'C:\\Program Files\\nodejs\\\\node.exe',
1 verbose cli   'C:\\Program Files\\nodejs\\node_modules\\npm\\bin\\npm-cli.js',
1 verbose cli   'update' ]
2 info using npm@1.4.14
3 info using node@v0.10.29
4 verbose node symlink C:\Program Files\nodejs\\node.exe
5 info outdated updating undefined
6 error Failed to parse json
6 error Unexpected token /
7 error File: E:\Home_Programming\CCU-IO.ScriptGUI\src\package.json
8 error Failed to parse package.json data.
8 error package.json must be actual JSON, not just JavaScript.
8 error
8 error This is not a bug in npm.
8 error Tell the package author to fix their package.json file. JSON.parse
9 error System Windows_NT 6.1.7601
10 error command "C:\\Program Files\\nodejs\\\\node.exe" "C:\\Program Files\\nodejs\\node_modules\\npm\\bin\\npm-cli.js" "update"
11 error cwd E:\Home_Programming\CCU-IO.ScriptGUI\src
12 error node -v v0.10.29
13 error npm -v 1.4.14
14 error file E:\Home_Programming\CCU-IO.ScriptGUI\src\package.json
15 error code EJSONPARSE
16 verbose exit [ 1, true ]
